{"level":"info","message":"DataSourceManager: Firestore not ready, using Mock data source as fallback","service":"assignmint-backend","timestamp":"2025-08-27T04:25:57.333Z"}
{"level":"warn","message":"Firebase credentials not provided, switching to mock data","service":"assignmint-backend","timestamp":"2025-08-27T04:25:57.344Z"}
{"level":"info","message":"Server running on port 3000","service":"assignmint-backend","timestamp":"2025-08-27T04:25:57.350Z"}
{"level":"info","message":"Initializing data source manager...","service":"assignmint-backend","timestamp":"2025-08-27T04:25:57.350Z"}
{"level":"info","message":"Data source connected successfully: Mock","service":"assignmint-backend","timestamp":"2025-08-27T04:25:57.351Z"}
{"level":"info","message":"Server initialized successfully","service":"assignmint-backend","timestamp":"2025-08-27T04:25:57.351Z"}
{"level":"info","message":"Encryption keys initialized","service":"assignmint-backend","timestamp":"2025-08-27T04:26:46.804Z"}
{"level":"info","message":"DataSourceManager: Using Mock data source","service":"assignmint-backend","timestamp":"2025-08-27T04:26:47.378Z"}
{"level":"info","message":"DataSourceManager: Using Mock data source","service":"assignmint-backend","timestamp":"2025-08-27T04:26:47.467Z"}
{"level":"info","message":"DataSourceManager: Using Mock data source","service":"assignmint-backend","timestamp":"2025-08-27T04:26:47.467Z"}
{"level":"info","message":"DataSourceManager: Using Mock data source","service":"assignmint-backend","timestamp":"2025-08-27T04:26:47.467Z"}
{"level":"info","message":"DataSourceManager: Using Mock data source","service":"assignmint-backend","timestamp":"2025-08-27T04:26:47.473Z"}
{"level":"info","message":"Using mock data, Firebase Admin not initialized","service":"assignmint-backend","timestamp":"2025-08-27T04:26:47.480Z"}
{"level":"info","message":"Using mock data, Firebase Admin not initialized","service":"assignmint-backend","timestamp":"2025-08-27T04:26:47.481Z"}
{"level":"info","message":"Using mock data, Firebase Admin not initialized","service":"assignmint-backend","timestamp":"2025-08-27T04:26:47.482Z"}
{"level":"info","message":"Using mock data, Firebase Admin not initialized","service":"assignmint-backend","timestamp":"2025-08-27T04:26:47.490Z"}
{"level":"info","message":"Migration registered: Add User Subscription Fields (001_add_user_subscription_fields)","service":"assignmint-backend","timestamp":"2025-08-27T04:26:47.484Z"}
{"level":"info","message":"Migration registered: Add Task Payment Fields (002_add_task_payment_fields)","service":"assignmint-backend","timestamp":"2025-08-27T04:26:47.484Z"}
{"level":"info","message":"Migration registered: Create Task Events Collection (003_create_task_events_collection)","service":"assignmint-backend","timestamp":"2025-08-27T04:26:47.484Z"}
{"level":"info","message":"Migration registered: Add User Rating Aggregation (004_add_user_rating_aggregation)","service":"assignmint-backend","timestamp":"2025-08-27T04:26:47.485Z"}
{"level":"info","message":"Migration registered: Add Search Indexing (005_add_search_indexing)","service":"assignmint-backend","timestamp":"2025-08-27T04:26:47.485Z"}
{"level":"warn","message":"Algolia credentials not configured, search service will be limited","service":"assignmint-backend","timestamp":"2025-08-27T04:26:47.511Z"}
{"level":"info","message":"Webhook handler registered for type: payment_intent.succeeded","service":"assignmint-backend","timestamp":"2025-08-27T04:26:47.487Z"}
{"level":"info","message":"Webhook handler registered for type: payment_intent.payment_failed","service":"assignmint-backend","timestamp":"2025-08-27T04:26:47.487Z"}
{"level":"info","message":"Webhook handler registered for type: customer.subscription.created","service":"assignmint-backend","timestamp":"2025-08-27T04:26:47.488Z"}
{"level":"info","message":"Webhook handler registered for type: customer.subscription.deleted","service":"assignmint-backend","timestamp":"2025-08-27T04:26:47.488Z"}
{"level":"info","message":"Webhook handler registered for type: user.created","service":"assignmint-backend","timestamp":"2025-08-27T04:26:47.488Z"}
{"level":"info","message":"Webhook handler registered for type: user.deleted","service":"assignmint-backend","timestamp":"2025-08-27T04:26:47.488Z"}
{"level":"info","message":"Webhook handler registered for type: task.completed","service":"assignmint-backend","timestamp":"2025-08-27T04:26:47.489Z"}
{"level":"info","message":"Webhook handler registered for type: rating.submitted","service":"assignmint-backend","timestamp":"2025-08-27T04:26:47.489Z"}
{"level":"info","message":"DataSourceManager: Firestore not ready, using Mock data source as fallback","service":"assignmint-backend","timestamp":"2025-08-27T04:27:07.253Z"}
{"level":"warn","message":"Firebase credentials not provided, switching to mock data","service":"assignmint-backend","timestamp":"2025-08-27T04:27:07.259Z"}
{"level":"info","message":"Server running on port 3000","service":"assignmint-backend","timestamp":"2025-08-27T04:27:07.263Z"}
{"level":"info","message":"Initializing data source manager...","service":"assignmint-backend","timestamp":"2025-08-27T04:27:07.263Z"}
{"level":"info","message":"Data source connected successfully: Mock","service":"assignmint-backend","timestamp":"2025-08-27T04:27:07.263Z"}
{"level":"info","message":"Server initialized successfully","service":"assignmint-backend","timestamp":"2025-08-27T04:27:07.264Z"}
{"level":"info","message":"DataSourceManager: Firestore not ready, using Mock data source as fallback","service":"assignmint-backend","timestamp":"2025-08-27T04:27:07.863Z"}
{"level":"warn","message":"Firebase credentials not provided, switching to mock data","service":"assignmint-backend","timestamp":"2025-08-27T04:27:07.869Z"}
{"level":"info","message":"Server running on port 3000","service":"assignmint-backend","timestamp":"2025-08-27T04:27:07.872Z"}
{"level":"info","message":"Initializing data source manager...","service":"assignmint-backend","timestamp":"2025-08-27T04:27:07.872Z"}
{"level":"info","message":"Data source connected successfully: Mock","service":"assignmint-backend","timestamp":"2025-08-27T04:27:07.872Z"}
{"level":"info","message":"Server initialized successfully","service":"assignmint-backend","timestamp":"2025-08-27T04:27:07.872Z"}
{"level":"info","message":"DataSourceManager: Using Mock data source","service":"assignmint-backend","timestamp":"2025-08-27T18:48:28.923Z"}
{"level":"info","message":"Firebase Admin: Skipping initialization (MOCK_DATA=true)","service":"assignmint-backend","timestamp":"2025-08-27T18:48:28.928Z"}
{"level":"info","message":"Using mock data, Firebase Admin not initialized","service":"assignmint-backend","timestamp":"2025-08-27T18:48:28.928Z"}
{"level":"info","message":"Backend running on port 3000 | env=development | mock=true | datasource=Mock","service":"assignmint-backend","timestamp":"2025-08-27T18:48:28.931Z"}
{"level":"info","message":"Initializing data source manager...","service":"assignmint-backend","timestamp":"2025-08-27T18:48:28.932Z"}
{"level":"info","message":"Data source connected successfully: Mock","service":"assignmint-backend","timestamp":"2025-08-27T18:48:28.932Z"}
{"level":"info","message":"Server initialized successfully","service":"assignmint-backend","timestamp":"2025-08-27T18:48:28.932Z"}
{"level":"info","message":"DataSourceManager: Using Mock data source","service":"assignmint-backend","timestamp":"2025-08-28T04:41:15.444Z"}
{"level":"info","message":"Firebase Admin: Skipping initialization (MOCK_DATA=true)","service":"assignmint-backend","timestamp":"2025-08-28T04:41:15.449Z"}
{"level":"info","message":"Using mock data, Firebase Admin not initialized","service":"assignmint-backend","timestamp":"2025-08-28T04:41:15.450Z"}
{"level":"info","message":"Backend running on port 3000 | env=development | mock=true | datasource=Mock","service":"assignmint-backend","timestamp":"2025-08-28T04:41:15.455Z"}
{"level":"info","message":"Initializing data source manager...","service":"assignmint-backend","timestamp":"2025-08-28T04:41:15.455Z"}
{"level":"info","message":"Data source connected successfully: Mock","service":"assignmint-backend","timestamp":"2025-08-28T04:41:15.456Z"}
{"level":"info","message":"Server initialized successfully","service":"assignmint-backend","timestamp":"2025-08-28T04:41:15.456Z"}
{"level":"info","message":"DataSourceManager: Using Mock data source","service":"assignmint-backend","timestamp":"2025-08-28T04:43:40.940Z"}
{"level":"info","message":"Firebase Admin: Skipping initialization (MOCK_DATA=true)","service":"assignmint-backend","timestamp":"2025-08-28T04:43:40.945Z"}
{"level":"info","message":"Using mock data, Firebase Admin not initialized","service":"assignmint-backend","timestamp":"2025-08-28T04:43:40.945Z"}
{"level":"info","message":"Backend running on port 3000 | env=development | mock=true | datasource=Mock","service":"assignmint-backend","timestamp":"2025-08-28T04:43:40.948Z"}
{"level":"info","message":"Initializing data source manager...","service":"assignmint-backend","timestamp":"2025-08-28T04:43:40.948Z"}
{"level":"info","message":"Data source connected successfully: Mock","service":"assignmint-backend","timestamp":"2025-08-28T04:43:40.948Z"}
{"level":"info","message":"Server initialized successfully","service":"assignmint-backend","timestamp":"2025-08-28T04:43:40.948Z"}
{"level":"info","message":"DataSourceManager: Firestore not ready, using Mock data source as fallback","service":"assignmint-backend","timestamp":"2025-08-28T04:44:15.493Z"}
{"level":"info","message":"Firebase Admin initialized successfully for project: assignimt","service":"assignmint-backend","timestamp":"2025-08-28T04:44:15.532Z"}
{"level":"info","message":"DataSourceManager: Switched to Firestore data source","service":"assignmint-backend","timestamp":"2025-08-28T04:44:15.778Z"}
{"level":"info","message":"Firebase Admin initialized successfully","service":"assignmint-backend","timestamp":"2025-08-28T04:44:15.778Z"}
{"level":"info","message":"Backend running on port 3000 | env=development | mock=false | datasource=Firestore","service":"assignmint-backend","timestamp":"2025-08-28T04:44:15.781Z"}
{"level":"info","message":"Initializing data source manager...","service":"assignmint-backend","timestamp":"2025-08-28T04:44:15.781Z"}
{"level":"error","message":"Data source connection failed","service":"assignmint-backend","timestamp":"2025-08-28T04:44:16.244Z"}
{"level":"info","message":"Server initialized successfully","service":"assignmint-backend","timestamp":"2025-08-28T04:44:16.244Z"}
{"level":"info","message":"DataSourceManager: Firestore not ready, using Mock data source as fallback","service":"assignmint-backend","timestamp":"2025-08-28T04:52:19.952Z"}
{"level":"info","message":"Firebase Admin initialized successfully for project: assignimt","service":"assignmint-backend","timestamp":"2025-08-28T04:52:19.988Z"}
{"level":"info","message":"DataSourceManager: Switched to Firestore data source","service":"assignmint-backend","timestamp":"2025-08-28T04:52:20.200Z"}
{"level":"info","message":"Firebase Admin initialized successfully","service":"assignmint-backend","timestamp":"2025-08-28T04:52:20.200Z"}
{"level":"info","message":"Backend running on port 3000 | env=development | mock=false | datasource=Firestore","service":"assignmint-backend","timestamp":"2025-08-28T04:52:20.203Z"}
{"level":"info","message":"Initializing data source manager...","service":"assignmint-backend","timestamp":"2025-08-28T04:52:20.203Z"}
{"level":"error","message":"Data source connection failed","service":"assignmint-backend","timestamp":"2025-08-28T04:52:20.658Z"}
{"level":"info","message":"Server initialized successfully","service":"assignmint-backend","timestamp":"2025-08-28T04:52:20.658Z"}
{"level":"info","message":"DataSourceManager: Firestore not ready, using Mock data source as fallback","service":"assignmint-backend","timestamp":"2025-08-28T05:15:46.554Z"}
{"level":"info","message":"Firebase Admin initialized successfully for project: assignimt","service":"assignmint-backend","timestamp":"2025-08-28T05:15:46.596Z"}
{"level":"info","message":"DataSourceManager: Switched to Firestore data source","service":"assignmint-backend","timestamp":"2025-08-28T05:15:46.806Z"}
{"level":"info","message":"Firebase Admin initialized successfully","service":"assignmint-backend","timestamp":"2025-08-28T05:15:46.806Z"}
{"level":"info","message":"Backend running on port 3000 | env=development | mock=false | datasource=Firestore","service":"assignmint-backend","timestamp":"2025-08-28T05:15:46.809Z"}
{"level":"info","message":"Initializing data source manager...","service":"assignmint-backend","timestamp":"2025-08-28T05:15:46.809Z"}
{"level":"error","message":"Data source connection failed","service":"assignmint-backend","timestamp":"2025-08-28T05:15:47.269Z"}
{"level":"info","message":"Server initialized successfully","service":"assignmint-backend","timestamp":"2025-08-28T05:15:47.269Z"}
{"level":"info","message":"DataSourceManager: Firestore not ready, using Mock data source as fallback","service":"assignmint-backend","timestamp":"2025-08-28T05:15:54.974Z"}
{"level":"info","message":"Firebase Admin initialized successfully for project: assignimt","service":"assignmint-backend","timestamp":"2025-08-28T05:15:55.006Z"}
{"level":"info","message":"DataSourceManager: Switched to Firestore data source","service":"assignmint-backend","timestamp":"2025-08-28T05:15:55.181Z"}
{"level":"info","message":"Firebase Admin initialized successfully","service":"assignmint-backend","timestamp":"2025-08-28T05:15:55.182Z"}
{"level":"info","message":"Backend running on port 3000 | env=development | mock=false | datasource=Firestore","service":"assignmint-backend","timestamp":"2025-08-28T05:15:55.184Z"}
{"level":"info","message":"Initializing data source manager...","service":"assignmint-backend","timestamp":"2025-08-28T05:15:55.185Z"}
{"level":"error","message":"Data source connection failed","service":"assignmint-backend","timestamp":"2025-08-28T05:15:55.585Z"}
{"level":"info","message":"Server initialized successfully","service":"assignmint-backend","timestamp":"2025-08-28T05:15:55.585Z"}
{"level":"info","message":"DataSourceManager: Firestore not ready, using Mock data source as fallback","service":"assignmint-backend","timestamp":"2025-08-28T05:17:13.407Z"}
{"level":"info","message":"Firebase Admin initialized successfully for project: assignimt","service":"assignmint-backend","timestamp":"2025-08-28T05:17:13.449Z"}
{"level":"info","message":"DataSourceManager: Switched to Firestore data source","service":"assignmint-backend","timestamp":"2025-08-28T05:17:13.690Z"}
{"level":"info","message":"Firebase Admin initialized successfully","service":"assignmint-backend","timestamp":"2025-08-28T05:17:13.690Z"}
{"level":"info","message":"Backend running on port 3000 | env=development | mock=false | datasource=Firestore","service":"assignmint-backend","timestamp":"2025-08-28T05:17:13.693Z"}
{"level":"info","message":"Initializing data source manager...","service":"assignmint-backend","timestamp":"2025-08-28T05:17:13.694Z"}
{"level":"error","message":"Data source connection failed","service":"assignmint-backend","timestamp":"2025-08-28T05:17:14.126Z"}
{"level":"info","message":"Server initialized successfully","service":"assignmint-backend","timestamp":"2025-08-28T05:17:14.127Z"}
{"level":"info","message":"DataSourceManager: Firestore not ready, using Mock data source as fallback","service":"assignmint-backend","timestamp":"2025-08-31T04:53:57.194Z"}
{"level":"info","message":"Firebase Admin initialized successfully for project: assignimt","service":"assignmint-backend","timestamp":"2025-08-31T04:53:57.236Z"}
{"level":"info","message":"DataSourceManager: Switched to Firestore data source","service":"assignmint-backend","timestamp":"2025-08-31T04:53:57.475Z"}
{"level":"info","message":"Firebase Admin initialized successfully","service":"assignmint-backend","timestamp":"2025-08-31T04:53:57.475Z"}
{"level":"info","message":"Backend running on port 3000 | env=development | mock=false | datasource=Firestore | project=assignimt","service":"assignmint-backend","timestamp":"2025-08-31T04:53:57.478Z"}
{"level":"info","message":"Initializing data source manager...","service":"assignmint-backend","timestamp":"2025-08-31T04:53:57.479Z"}
{"level":"error","message":"Data source connection failed","service":"assignmint-backend","timestamp":"2025-08-31T04:53:57.940Z"}
{"level":"info","message":"Server initialized successfully","service":"assignmint-backend","timestamp":"2025-08-31T04:53:57.940Z"}
{"level":"info","message":"DataSourceManager: Firestore not ready, using Mock data source as fallback","service":"assignmint-backend","timestamp":"2025-08-31T05:04:21.184Z"}
{"level":"info","message":"Firebase Admin initialized successfully for project: assignimt","service":"assignmint-backend","timestamp":"2025-08-31T05:04:21.222Z"}
{"level":"info","message":"DataSourceManager: Switched to Firestore data source","service":"assignmint-backend","timestamp":"2025-08-31T05:04:21.647Z"}
{"level":"info","message":"Firebase Admin initialized successfully","service":"assignmint-backend","timestamp":"2025-08-31T05:04:21.647Z"}
{"level":"info","message":"Backend running on port 3000 | env=development | mock=false | datasource=Firestore | project=assignimt","service":"assignmint-backend","timestamp":"2025-08-31T05:04:21.650Z"}
{"level":"info","message":"Initializing data source manager...","service":"assignmint-backend","timestamp":"2025-08-31T05:04:21.650Z"}
{"level":"error","message":"Data source connection failed","service":"assignmint-backend","timestamp":"2025-08-31T05:04:22.114Z"}
{"level":"info","message":"Server initialized successfully","service":"assignmint-backend","timestamp":"2025-08-31T05:04:22.115Z"}
{"level":"error","message":"Error getting tasks: Failed to fetch tasks","service":"assignmint-backend","stack":"Error: Failed to fetch tasks\n    at FirestoreDataSource.getTasks (/Users/hamza/AssignMint/backend/src/data/FirestoreDataSource.ts:139:13)\n    at process.processTicksAndRejections (node:internal/process/task_queues:105:5)\n    at async <anonymous> (/Users/hamza/AssignMint/backend/src/routes/taskRoutes.ts:44:20)","timestamp":"2025-08-31T05:04:30.538Z"}
{"level":"error","message":"Error getting tasks: Failed to fetch tasks","service":"assignmint-backend","stack":"Error: Failed to fetch tasks\n    at FirestoreDataSource.getTasks (/Users/hamza/AssignMint/backend/src/data/FirestoreDataSource.ts:139:13)\n    at process.processTicksAndRejections (node:internal/process/task_queues:105:5)\n    at async <anonymous> (/Users/hamza/AssignMint/backend/src/routes/taskRoutes.ts:44:20)","timestamp":"2025-08-31T05:04:37.134Z"}
{"level":"info","message":"Firebase Admin initialized successfully for project: assignimt","service":"assignmint-backend","timestamp":"2025-09-01T00:36:07.005Z"}
{"level":"info","message":"DataSourceManager: Firestore not ready, using Mock data source as fallback","service":"assignmint-backend","timestamp":"2025-09-01T00:36:07.165Z"}
{"level":"info","message":"DataSourceManager: Switched to Firestore data source","service":"assignmint-backend","timestamp":"2025-09-01T00:36:07.165Z"}
{"level":"info","message":"Firebase Admin initialized successfully","service":"assignmint-backend","timestamp":"2025-09-01T00:36:07.165Z"}
{"level":"info","message":"Backend running on port 3000 | env=development | mock=false | datasource=Firestore","service":"assignmint-backend","timestamp":"2025-09-01T00:36:07.212Z"}
{"level":"info","message":"Initializing data source manager...","service":"assignmint-backend","timestamp":"2025-09-01T00:36:07.213Z"}
{"level":"info","message":"Data source connected successfully: Firestore","service":"assignmint-backend","timestamp":"2025-09-01T00:36:07.686Z"}
{"level":"info","message":"Server initialized successfully","service":"assignmint-backend","timestamp":"2025-09-01T00:36:07.687Z"}
{"level":"info","message":"Firebase Admin initialized successfully for project: assignimt","service":"assignmint-backend","timestamp":"2025-09-01T01:00:43.405Z"}
{"level":"info","message":"DataSourceManager: Firestore not ready, using Mock data source as fallback","service":"assignmint-backend","timestamp":"2025-09-01T01:00:43.647Z"}
{"level":"info","message":"DataSourceManager: Switched to Firestore data source","service":"assignmint-backend","timestamp":"2025-09-01T01:00:43.648Z"}
{"level":"info","message":"Firebase Admin initialized successfully","service":"assignmint-backend","timestamp":"2025-09-01T01:00:43.648Z"}
{"level":"info","message":"Backend running on port 3000 | env=development | mock=false | datasource=Firestore","service":"assignmint-backend","timestamp":"2025-09-01T01:00:43.747Z"}
{"level":"info","message":"Initializing data source manager...","service":"assignmint-backend","timestamp":"2025-09-01T01:00:43.748Z"}
{"level":"info","message":"Data source connected successfully: Firestore","service":"assignmint-backend","timestamp":"2025-09-01T01:00:44.508Z"}
{"level":"info","message":"Server initialized successfully","service":"assignmint-backend","timestamp":"2025-09-01T01:00:44.508Z"}
{"level":"info","message":"Firebase Admin initialized successfully for project: assignimt","service":"assignmint-backend","timestamp":"2025-09-01T01:01:28.823Z"}
{"level":"info","message":"DataSourceManager: Firestore not ready, using Mock data source as fallback","service":"assignmint-backend","timestamp":"2025-09-01T01:01:29.015Z"}
{"level":"info","message":"DataSourceManager: Switched to Firestore data source","service":"assignmint-backend","timestamp":"2025-09-01T01:01:29.016Z"}
{"level":"info","message":"Firebase Admin initialized successfully","service":"assignmint-backend","timestamp":"2025-09-01T01:01:29.016Z"}
{"level":"info","message":"Backend running on port 3000 | env=development | mock=false | datasource=Firestore","service":"assignmint-backend","timestamp":"2025-09-01T01:01:29.077Z"}
{"level":"info","message":"Initializing data source manager...","service":"assignmint-backend","timestamp":"2025-09-01T01:01:29.078Z"}
{"level":"info","message":"Data source connected successfully: Firestore","service":"assignmint-backend","timestamp":"2025-09-01T01:01:29.430Z"}
{"level":"info","message":"Server initialized successfully","service":"assignmint-backend","timestamp":"2025-09-01T01:01:29.430Z"}
{"level":"info","message":"Starting data seeding process...","service":"assignmint-backend","timestamp":"2025-09-01T01:12:40.457Z"}
{"level":"info","message":"Initializing Firebase Admin for seeding...","service":"assignmint-backend","timestamp":"2025-09-01T01:12:40.459Z"}
{"level":"info","message":"Firebase Admin initialized successfully for project: assignimt","service":"assignmint-backend","timestamp":"2025-09-01T01:12:40.503Z"}
{"level":"info","message":"DataSourceManager: Firestore not ready, using Mock data source as fallback","service":"assignmint-backend","timestamp":"2025-09-01T01:12:40.545Z"}
{"level":"info","message":"DataSourceManager: Switched to Firestore data source","service":"assignmint-backend","timestamp":"2025-09-01T01:12:40.545Z"}
{"level":"info","message":"Firestore instance set in DataSourceManager","service":"assignmint-backend","timestamp":"2025-09-01T01:12:40.546Z"}
{"level":"info","message":"Using data source: Firestore","service":"assignmint-backend","timestamp":"2025-09-01T01:12:40.546Z"}
{"level":"info","message":"Seeding users...","service":"assignmint-backend","timestamp":"2025-09-01T01:12:40.546Z"}
{"level":"info","message":"Created user: Alex Johnson (student1@example.com)","service":"assignmint-backend","timestamp":"2025-09-01T01:12:41.481Z"}
{"level":"info","message":"Created user: Sarah Chen (student2@example.com)","service":"assignmint-backend","timestamp":"2025-09-01T01:12:41.615Z"}
{"level":"info","message":"Created user: Dr. Michael Brown (client1@example.com)","service":"assignmint-backend","timestamp":"2025-09-01T01:12:41.835Z"}
{"level":"info","message":"Created user: Prof. Emily Davis (client2@example.com)","service":"assignmint-backend","timestamp":"2025-09-01T01:12:41.990Z"}
{"level":"info","message":"Seeding tasks...","service":"assignmint-backend","timestamp":"2025-09-01T01:12:41.991Z"}
{"level":"info","message":"Created task: Calculus Homework Help","service":"assignmint-backend","timestamp":"2025-09-01T01:12:42.197Z"}
{"level":"info","message":"Created task: Physics Lab Report","service":"assignmint-backend","timestamp":"2025-09-01T01:12:42.453Z"}
{"level":"info","message":"Created task: Programming Assignment - Python","service":"assignmint-backend","timestamp":"2025-09-01T01:12:42.658Z"}
{"level":"info","message":"Seeding messages...","service":"assignmint-backend","timestamp":"2025-09-01T01:12:42.658Z"}
{"level":"info","message":"Created message for task: task_002","service":"assignmint-backend","timestamp":"2025-09-01T01:12:42.856Z"}
{"level":"info","message":"Created message for task: task_002","service":"assignmint-backend","timestamp":"2025-09-01T01:12:43.052Z"}
{"level":"info","message":"Created message for task: task_002","service":"assignmint-backend","timestamp":"2025-09-01T01:12:43.234Z"}
{"level":"info","message":"Data seeding completed successfully!","service":"assignmint-backend","timestamp":"2025-09-01T01:12:43.234Z"}
{"level":"info","message":"Seed Summary:","service":"assignmint-backend","timestamp":"2025-09-01T01:12:43.454Z"}
{"level":"info","message":"Firebase Admin initialized successfully for project: assignimt","service":"assignmint-backend","timestamp":"2025-09-01T01:13:00.356Z"}
{"level":"info","message":"DataSourceManager: Firestore not ready, using Mock data source as fallback","service":"assignmint-backend","timestamp":"2025-09-01T01:13:00.557Z"}
{"level":"info","message":"DataSourceManager: Switched to Firestore data source","service":"assignmint-backend","timestamp":"2025-09-01T01:13:00.558Z"}
{"level":"info","message":"Firebase Admin initialized successfully","service":"assignmint-backend","timestamp":"2025-09-01T01:13:00.558Z"}
{"level":"info","message":"Backend running on port 3000 | env=development | mock=false | datasource=Firestore","service":"assignmint-backend","timestamp":"2025-09-01T01:13:00.625Z"}
{"level":"info","message":"Initializing data source manager...","service":"assignmint-backend","timestamp":"2025-09-01T01:13:00.625Z"}
{"level":"info","message":"Data source connected successfully: Firestore","service":"assignmint-backend","timestamp":"2025-09-01T01:13:00.977Z"}
{"level":"info","message":"Server initialized successfully","service":"assignmint-backend","timestamp":"2025-09-01T01:13:00.978Z"}
{"level":"info","message":"Firebase Admin initialized successfully for project: assignimt","service":"assignmint-backend","timestamp":"2025-09-01T01:13:12.112Z"}
{"level":"info","message":"DataSourceManager: Firestore not ready, using Mock data source as fallback","service":"assignmint-backend","timestamp":"2025-09-01T01:13:12.295Z"}
{"level":"info","message":"DataSourceManager: Switched to Firestore data source","service":"assignmint-backend","timestamp":"2025-09-01T01:13:12.296Z"}
{"level":"info","message":"Firebase Admin initialized successfully","service":"assignmint-backend","timestamp":"2025-09-01T01:13:12.296Z"}
{"level":"info","message":"Backend running on port 3000 | env=development | mock=false | datasource=Firestore","service":"assignmint-backend","timestamp":"2025-09-01T01:13:12.358Z"}
{"level":"info","message":"Initializing data source manager...","service":"assignmint-backend","timestamp":"2025-09-01T01:13:12.358Z"}
{"level":"info","message":"Data source connected successfully: Firestore","service":"assignmint-backend","timestamp":"2025-09-01T01:13:12.700Z"}
{"level":"info","message":"Server initialized successfully","service":"assignmint-backend","timestamp":"2025-09-01T01:13:12.700Z"}
{"level":"info","message":"Firebase Admin initialized successfully for project: assignimt","service":"assignmint-backend","timestamp":"2025-09-01T01:24:20.679Z"}
{"level":"info","message":"DataSourceManager: Firestore not ready, using Mock data source as fallback","service":"assignmint-backend","timestamp":"2025-09-01T01:24:21.341Z"}
{"level":"info","message":"DataSourceManager: Switched to Firestore data source","service":"assignmint-backend","timestamp":"2025-09-01T01:24:21.343Z"}
{"level":"info","message":"Firebase Admin initialized successfully","service":"assignmint-backend","timestamp":"2025-09-01T01:24:21.343Z"}
{"level":"info","message":"Backend running on port 3000 | env=development | mock=false | datasource=Firestore","service":"assignmint-backend","timestamp":"2025-09-01T01:24:21.501Z"}
{"level":"info","message":"Initializing data source manager...","service":"assignmint-backend","timestamp":"2025-09-01T01:24:21.501Z"}
{"level":"info","message":"Data source connected successfully: Firestore","service":"assignmint-backend","timestamp":"2025-09-01T01:24:22.206Z"}
{"level":"info","message":"Server initialized successfully","service":"assignmint-backend","timestamp":"2025-09-01T01:24:22.206Z"}
{"level":"info","message":"Firebase Admin initialized successfully for project: assignimt","service":"assignmint-backend","timestamp":"2025-09-01T01:27:05.100Z"}
{"level":"info","message":"DataSourceManager: Firestore not ready, using Mock data source as fallback","service":"assignmint-backend","timestamp":"2025-09-01T01:27:05.344Z"}
{"level":"info","message":"DataSourceManager: Switched to Firestore data source","service":"assignmint-backend","timestamp":"2025-09-01T01:27:05.345Z"}
{"level":"info","message":"Firebase Admin initialized successfully","service":"assignmint-backend","timestamp":"2025-09-01T01:27:05.345Z"}
{"level":"info","message":"Backend running on port 3000 | env=development | mock=false | datasource=Firestore | project=assignimt","service":"assignmint-backend","timestamp":"2025-09-01T01:27:05.428Z"}
{"level":"info","message":"Initializing data source manager...","service":"assignmint-backend","timestamp":"2025-09-01T01:27:05.429Z"}
{"level":"info","message":"Data source connected successfully: Firestore","service":"assignmint-backend","timestamp":"2025-09-01T01:27:05.846Z"}
{"level":"info","message":"Server initialized successfully","service":"assignmint-backend","timestamp":"2025-09-01T01:27:05.847Z"}
{"level":"error","message":"Error creating test task: Failed to create task","service":"assignmint-backend","stack":"Error: Failed to create task\n    at FirestoreDataSource.createTask (/Users/hamza/AssignMint/backend/dist/data/FirestoreDataSource.js:166:19)\n    at process.processTicksAndRejections (node:internal/process/task_queues:105:5)\n    at async /Users/hamza/AssignMint/backend/dist/routes/taskRoutes.js:81:22","timestamp":"2025-09-01T01:27:11.894Z"}
{"level":"info","message":"Firebase Admin initialized successfully for project: assignimt","service":"assignmint-backend","timestamp":"2025-09-01T01:27:33.965Z"}
{"level":"info","message":"DataSourceManager: Firestore not ready, using Mock data source as fallback","service":"assignmint-backend","timestamp":"2025-09-01T01:27:34.159Z"}
{"level":"info","message":"DataSourceManager: Switched to Firestore data source","service":"assignmint-backend","timestamp":"2025-09-01T01:27:34.159Z"}
{"level":"info","message":"Firebase Admin initialized successfully","service":"assignmint-backend","timestamp":"2025-09-01T01:27:34.160Z"}
{"level":"info","message":"Backend running on port 3000 | env=development | mock=false | datasource=Firestore | project=assignimt","service":"assignmint-backend","timestamp":"2025-09-01T01:27:34.227Z"}
{"level":"info","message":"Initializing data source manager...","service":"assignmint-backend","timestamp":"2025-09-01T01:27:34.227Z"}
{"level":"info","message":"Data source connected successfully: Firestore","service":"assignmint-backend","timestamp":"2025-09-01T01:27:34.635Z"}
{"level":"info","message":"Server initialized successfully","service":"assignmint-backend","timestamp":"2025-09-01T01:27:34.636Z"}
{"level":"error","message":"Error creating test task: Failed to create task","service":"assignmint-backend","stack":"Error: Failed to create task\n    at FirestoreDataSource.createTask (/Users/hamza/AssignMint/backend/dist/data/FirestoreDataSource.js:166:19)\n    at process.processTicksAndRejections (node:internal/process/task_queues:105:5)\n    at async /Users/hamza/AssignMint/backend/dist/routes/taskRoutes.js:81:22","timestamp":"2025-09-01T01:27:40.243Z"}
{"level":"info","message":"Firebase Admin initialized successfully for project: assignimt","service":"assignmint-backend","timestamp":"2025-09-01T01:28:04.873Z"}
{"level":"info","message":"DataSourceManager: Firestore not ready, using Mock data source as fallback","service":"assignmint-backend","timestamp":"2025-09-01T01:28:05.074Z"}
{"level":"info","message":"DataSourceManager: Switched to Firestore data source","service":"assignmint-backend","timestamp":"2025-09-01T01:28:05.075Z"}
{"level":"info","message":"Firebase Admin initialized successfully","service":"assignmint-backend","timestamp":"2025-09-01T01:28:05.075Z"}
{"level":"info","message":"Backend running on port 3000 | env=development | mock=false | datasource=Firestore | project=assignimt","service":"assignmint-backend","timestamp":"2025-09-01T01:28:05.144Z"}
{"level":"info","message":"Initializing data source manager...","service":"assignmint-backend","timestamp":"2025-09-01T01:28:05.145Z"}
{"level":"info","message":"Data source connected successfully: Firestore","service":"assignmint-backend","timestamp":"2025-09-01T01:28:05.499Z"}
{"level":"info","message":"Server initialized successfully","service":"assignmint-backend","timestamp":"2025-09-01T01:28:05.499Z"}
{"level":"error","message":"Error creating test task: Failed to create task","service":"assignmint-backend","stack":"Error: Failed to create task\n    at FirestoreDataSource.createTask (/Users/hamza/AssignMint/backend/dist/data/FirestoreDataSource.js:166:19)\n    at process.processTicksAndRejections (node:internal/process/task_queues:105:5)\n    at async /Users/hamza/AssignMint/backend/dist/routes/taskRoutes.js:81:22","timestamp":"2025-09-01T01:28:10.780Z"}
{"level":"info","message":"Firebase Admin initialized successfully for project: assignimt","service":"assignmint-backend","timestamp":"2025-09-01T01:28:48.165Z"}
{"level":"info","message":"DataSourceManager: Firestore not ready, using Mock data source as fallback","service":"assignmint-backend","timestamp":"2025-09-01T01:28:48.366Z"}
{"level":"info","message":"DataSourceManager: Switched to Firestore data source","service":"assignmint-backend","timestamp":"2025-09-01T01:28:48.367Z"}
{"level":"info","message":"Firebase Admin initialized successfully","service":"assignmint-backend","timestamp":"2025-09-01T01:28:48.367Z"}
{"level":"info","message":"Backend running on port 3000 | env=development | mock=false | datasource=Firestore | project=assignimt","service":"assignmint-backend","timestamp":"2025-09-01T01:28:48.437Z"}
{"level":"info","message":"Initializing data source manager...","service":"assignmint-backend","timestamp":"2025-09-01T01:28:48.438Z"}
{"level":"info","message":"Data source connected successfully: Firestore","service":"assignmint-backend","timestamp":"2025-09-01T01:28:48.816Z"}
{"level":"info","message":"Server initialized successfully","service":"assignmint-backend","timestamp":"2025-09-01T01:28:48.816Z"}
{"level":"info","message":"Firebase Admin initialized successfully for project: assignimt","service":"assignmint-backend","timestamp":"2025-09-01T13:01:58.385Z"}
{"level":"info","message":"DataSourceManager: Firestore not ready, using Mock data source as fallback","service":"assignmint-backend","timestamp":"2025-09-01T13:01:58.557Z"}
{"level":"info","message":"DataSourceManager: Switched to Firestore data source","service":"assignmint-backend","timestamp":"2025-09-01T13:01:58.558Z"}
{"level":"info","message":"Firebase Admin initialized successfully","service":"assignmint-backend","timestamp":"2025-09-01T13:01:58.558Z"}
{"level":"info","message":"Backend running on port 3000 | env=development | mock=false | datasource=Firestore | project=assignimt","service":"assignmint-backend","timestamp":"2025-09-01T13:01:58.610Z"}
{"level":"info","message":"Initializing data source manager...","service":"assignmint-backend","timestamp":"2025-09-01T13:01:58.611Z"}
{"level":"info","message":"Data source connected successfully: Firestore","service":"assignmint-backend","timestamp":"2025-09-01T13:01:59.092Z"}
{"level":"info","message":"Server initialized successfully","service":"assignmint-backend","timestamp":"2025-09-01T13:01:59.092Z"}
{"level":"info","message":"Firebase Admin initialized successfully for project: assignimt","service":"assignmint-backend","timestamp":"2025-09-01T13:03:38.441Z"}
{"level":"info","message":"DataSourceManager: Firestore not ready, using Mock data source as fallback","service":"assignmint-backend","timestamp":"2025-09-01T13:03:38.605Z"}
{"level":"info","message":"DataSourceManager: Switched to Firestore data source","service":"assignmint-backend","timestamp":"2025-09-01T13:03:38.605Z"}
{"level":"info","message":"Firebase Admin initialized successfully","service":"assignmint-backend","timestamp":"2025-09-01T13:03:38.605Z"}
{"level":"info","message":"Backend running on port 3000 | env=development | mock=false | datasource=Firestore | project=assignimt","service":"assignmint-backend","timestamp":"2025-09-01T13:03:38.657Z"}
{"level":"info","message":"Initializing data source manager...","service":"assignmint-backend","timestamp":"2025-09-01T13:03:38.657Z"}
{"level":"info","message":"Data source connected successfully: Firestore","service":"assignmint-backend","timestamp":"2025-09-01T13:03:39.015Z"}
{"level":"info","message":"Server initialized successfully","service":"assignmint-backend","timestamp":"2025-09-01T13:03:39.015Z"}
{"level":"info","message":"Firebase Admin initialized successfully for project: assignimt","service":"assignmint-backend","timestamp":"2025-09-01T13:08:43.441Z"}
{"level":"info","message":"DataSourceManager: Firestore not ready, using Mock data source as fallback","service":"assignmint-backend","timestamp":"2025-09-01T13:08:43.623Z"}
{"level":"info","message":"DataSourceManager: Switched to Firestore data source","service":"assignmint-backend","timestamp":"2025-09-01T13:08:43.623Z"}
{"level":"info","message":"Firebase Admin initialized successfully","service":"assignmint-backend","timestamp":"2025-09-01T13:08:43.623Z"}
{"level":"info","message":"Backend running on port 3000 | env=development | mock=false | datasource=Firestore | project=assignimt","service":"assignmint-backend","timestamp":"2025-09-01T13:08:43.684Z"}
{"level":"info","message":"Initializing data source manager...","service":"assignmint-backend","timestamp":"2025-09-01T13:08:43.684Z"}
{"level":"info","message":"Data source connected successfully: Firestore","service":"assignmint-backend","timestamp":"2025-09-01T13:08:44.075Z"}
{"level":"info","message":"Server initialized successfully","service":"assignmint-backend","timestamp":"2025-09-01T13:08:44.076Z"}
{"level":"info","message":"Firebase Admin initialized successfully for project: assignimt","service":"assignmint-backend","timestamp":"2025-09-01T13:16:58.236Z"}
{"level":"info","message":"DataSourceManager: Firestore not ready, using Mock data source as fallback","service":"assignmint-backend","timestamp":"2025-09-01T13:16:58.376Z"}
{"level":"info","message":"DataSourceManager: Switched to Firestore data source","service":"assignmint-backend","timestamp":"2025-09-01T13:16:58.376Z"}
{"level":"info","message":"Firebase Admin initialized successfully","service":"assignmint-backend","timestamp":"2025-09-01T13:16:58.376Z"}
{"level":"info","message":"Backend running on port 3000 | env=development | mock=false | datasource=Firestore | project=assignimt","service":"assignmint-backend","timestamp":"2025-09-01T13:16:58.428Z"}
{"level":"info","message":"Initializing data source manager...","service":"assignmint-backend","timestamp":"2025-09-01T13:16:58.428Z"}
{"level":"info","message":"Data source connected successfully: Firestore","service":"assignmint-backend","timestamp":"2025-09-01T13:16:58.812Z"}
{"level":"info","message":"Server initialized successfully","service":"assignmint-backend","timestamp":"2025-09-01T13:16:58.813Z"}
{"level":"info","message":"Firebase Admin initialized successfully for project: assignimt","service":"assignmint-backend","timestamp":"2025-09-01T13:27:45.517Z"}
{"level":"info","message":"DataSourceManager: Firestore not ready, using Mock data source as fallback","service":"assignmint-backend","timestamp":"2025-09-01T13:27:45.700Z"}
{"level":"info","message":"DataSourceManager: Switched to Firestore data source","service":"assignmint-backend","timestamp":"2025-09-01T13:27:45.700Z"}
{"level":"info","message":"Firebase Admin initialized successfully","service":"assignmint-backend","timestamp":"2025-09-01T13:27:45.700Z"}
{"level":"info","message":"Backend running on port 3000 | env=development | mock=false | datasource=Firestore | project=assignimt","service":"assignmint-backend","timestamp":"2025-09-01T13:27:45.753Z"}
{"level":"info","message":"Initializing data source manager...","service":"assignmint-backend","timestamp":"2025-09-01T13:27:45.753Z"}
{"level":"info","message":"Data source connected successfully: Firestore","service":"assignmint-backend","timestamp":"2025-09-01T13:27:46.194Z"}
{"level":"info","message":"Server initialized successfully","service":"assignmint-backend","timestamp":"2025-09-01T13:27:46.194Z"}
{"level":"error","message":"Firebase Admin: Missing required environment variables","service":"assignmint-backend","timestamp":"2025-09-01T13:28:27.639Z"}
{"level":"error","message":"Firebase Admin initialization failed: Missing Firebase environment variables: FIREBASE_PROJECT_ID, FIREBASE_CLIENT_EMAIL, FIREBASE_PRIVATE_KEY","service":"assignmint-backend","stack":"Error: Missing Firebase environment variables: FIREBASE_PROJECT_ID, FIREBASE_CLIENT_EMAIL, FIREBASE_PRIVATE_KEY\n    at initializeFirebaseAdmin (/Users/hamza/AssignMint/backend/src/config/firebase.ts:27:13)\n    at createDevUser (/Users/hamza/AssignMint/backend/scripts/createDevUser.ts:8:19)\n    at admin (/Users/hamza/AssignMint/backend/scripts/createDevUser.ts:53:1)\n    at Object.<anonymous> (/Users/hamza/AssignMint/backend/scripts/createDevUser.ts:53:15)\n    at Module._compile (node:internal/modules/cjs/loader:1730:14)\n    at Object.transformer (/Users/hamza/AssignMint/backend/node_modules/tsx/dist/register-D46fvsV_.cjs:3:1104)\n    at Module.load (node:internal/modules/cjs/loader:1465:32)\n    at Function._load (node:internal/modules/cjs/loader:1282:12)\n    at TracingChannel.traceSync (node:diagnostics_channel:322:14)\n    at wrapModuleLoad (node:internal/modules/cjs/loader:235:24)","timestamp":"2025-09-01T13:28:27.641Z"}
{"level":"error","message":"Firebase Admin: Missing required environment variables","service":"assignmint-backend","timestamp":"2025-09-01T15:55:31.473Z"}
{"level":"error","message":"Firebase Admin initialization failed: Missing Firebase environment variables: FIREBASE_PROJECT_ID, FIREBASE_CLIENT_EMAIL, FIREBASE_PRIVATE_KEY","service":"assignmint-backend","stack":"Error: Missing Firebase environment variables: FIREBASE_PROJECT_ID, FIREBASE_CLIENT_EMAIL, FIREBASE_PRIVATE_KEY\n    at initializeFirebaseAdmin (/Users/hamza/AssignMint/backend/src/config/firebase.ts:27:13)\n    at createDevUser (/Users/hamza/AssignMint/backend/scripts/createDevUser.ts:8:19)\n    at admin (/Users/hamza/AssignMint/backend/scripts/createDevUser.ts:53:1)\n    at Object.<anonymous> (/Users/hamza/AssignMint/backend/scripts/createDevUser.ts:53:15)\n    at Module._compile (node:internal/modules/cjs/loader:1730:14)\n    at Object.transformer (/Users/hamza/AssignMint/backend/node_modules/tsx/dist/register-D46fvsV_.cjs:3:1104)\n    at Module.load (node:internal/modules/cjs/loader:1465:32)\n    at Function._load (node:internal/modules/cjs/loader:1282:12)\n    at TracingChannel.traceSync (node:diagnostics_channel:322:14)\n    at wrapModuleLoad (node:internal/modules/cjs/loader:235:24)","timestamp":"2025-09-01T15:55:31.476Z"}
{"level":"error","message":"Firebase Admin: Missing required environment variables","service":"assignmint-backend","timestamp":"2025-09-01T15:55:43.967Z"}
{"level":"error","message":"Firebase Admin initialization failed: Missing Firebase environment variables: FIREBASE_PROJECT_ID, FIREBASE_CLIENT_EMAIL, FIREBASE_PRIVATE_KEY","service":"assignmint-backend","stack":"Error: Missing Firebase environment variables: FIREBASE_PROJECT_ID, FIREBASE_CLIENT_EMAIL, FIREBASE_PRIVATE_KEY\n    at initializeFirebaseAdmin (/Users/hamza/AssignMint/backend/src/config/firebase.ts:27:13)\n    at createDevUser (/Users/hamza/AssignMint/backend/scripts/createDevUser.ts:8:19)\n    at admin (/Users/hamza/AssignMint/backend/scripts/createDevUser.ts:53:1)\n    at Object.<anonymous> (/Users/hamza/AssignMint/backend/scripts/createDevUser.ts:53:15)\n    at Module._compile (node:internal/modules/cjs/loader:1730:14)\n    at Object.transformer (/Users/hamza/AssignMint/backend/node_modules/tsx/dist/register-D46fvsV_.cjs:3:1104)\n    at Module.load (node:internal/modules/cjs/loader:1465:32)\n    at Function._load (node:internal/modules/cjs/loader:1282:12)\n    at TracingChannel.traceSync (node:diagnostics_channel:322:14)\n    at wrapModuleLoad (node:internal/modules/cjs/loader:235:24)","timestamp":"2025-09-01T15:55:43.971Z"}
{"level":"info","message":"Firebase Admin initialized successfully for project: assignimt","service":"assignmint-backend","timestamp":"2025-09-01T15:56:12.809Z"}
{"level":"info","message":"Firebase Admin initialized successfully for project: assignimt","service":"assignmint-backend","timestamp":"2025-09-01T15:56:21.493Z"}
{"level":"info","message":"DataSourceManager: Firestore not ready, using Mock data source as fallback","service":"assignmint-backend","timestamp":"2025-09-01T15:56:21.672Z"}
{"level":"info","message":"DataSourceManager: Switched to Firestore data source","service":"assignmint-backend","timestamp":"2025-09-01T15:56:21.672Z"}
{"level":"info","message":"Firebase Admin initialized successfully","service":"assignmint-backend","timestamp":"2025-09-01T15:56:21.672Z"}
{"level":"info","message":"Backend running on port 3000 | env=development | mock=false | datasource=Firestore | project=assignimt","service":"assignmint-backend","timestamp":"2025-09-01T15:56:21.733Z"}
{"level":"info","message":"Initializing data source manager...","service":"assignmint-backend","timestamp":"2025-09-01T15:56:21.733Z"}
{"level":"info","message":"Data source connected successfully: Firestore","service":"assignmint-backend","timestamp":"2025-09-01T15:56:22.172Z"}
{"level":"info","message":"Server initialized successfully","service":"assignmint-backend","timestamp":"2025-09-01T15:56:22.172Z"}
{"level":"info","message":"Firebase Admin initialized successfully for project: assignimt","service":"assignmint-backend","timestamp":"2025-09-01T16:01:25.782Z"}
{"level":"info","message":"DataSourceManager: Firestore not ready, using Mock data source as fallback","service":"assignmint-backend","timestamp":"2025-09-01T16:01:25.968Z"}
{"level":"info","message":"DataSourceManager: Switched to Firestore data source","service":"assignmint-backend","timestamp":"2025-09-01T16:01:25.968Z"}
{"level":"info","message":"Firebase Admin initialized successfully","service":"assignmint-backend","timestamp":"2025-09-01T16:01:25.968Z"}
{"level":"info","message":"Backend running on port 3000 | env=development | mock=false | datasource=Firestore | project=assignimt","service":"assignmint-backend","timestamp":"2025-09-01T16:01:26.028Z"}
{"level":"info","message":"Initializing data source manager...","service":"assignmint-backend","timestamp":"2025-09-01T16:01:26.028Z"}
{"level":"info","message":"Data source connected successfully: Firestore","service":"assignmint-backend","timestamp":"2025-09-01T16:01:26.876Z"}
{"level":"info","message":"Server initialized successfully","service":"assignmint-backend","timestamp":"2025-09-01T16:01:26.877Z"}
{"level":"info","message":"Firebase Admin initialized successfully for project: assignimt","service":"assignmint-backend","timestamp":"2025-09-01T16:02:26.887Z"}
{"level":"info","message":"DataSourceManager: Firestore not ready, using Mock data source as fallback","service":"assignmint-backend","timestamp":"2025-09-01T16:02:27.112Z"}
{"level":"info","message":"DataSourceManager: Switched to Firestore data source","service":"assignmint-backend","timestamp":"2025-09-01T16:02:27.112Z"}
{"level":"info","message":"Firebase Admin initialized successfully","service":"assignmint-backend","timestamp":"2025-09-01T16:02:27.112Z"}
{"level":"info","message":"Backend running on port 3000 | env=development | mock=false | datasource=Firestore | project=assignimt","service":"assignmint-backend","timestamp":"2025-09-01T16:02:27.184Z"}
{"level":"info","message":"Initializing data source manager...","service":"assignmint-backend","timestamp":"2025-09-01T16:02:27.185Z"}
{"level":"info","message":"Data source connected successfully: Firestore","service":"assignmint-backend","timestamp":"2025-09-01T16:02:27.699Z"}
{"level":"info","message":"Server initialized successfully","service":"assignmint-backend","timestamp":"2025-09-01T16:02:27.699Z"}
{"level":"info","message":"Firebase Admin initialized successfully for project: assignimt","service":"assignmint-backend","timestamp":"2025-09-01T16:05:33.791Z"}
{"level":"info","message":"DataSourceManager: Firestore not ready, using Mock data source as fallback","service":"assignmint-backend","timestamp":"2025-09-01T16:05:33.984Z"}
{"level":"info","message":"DataSourceManager: Switched to Firestore data source","service":"assignmint-backend","timestamp":"2025-09-01T16:05:33.985Z"}
{"level":"info","message":"Firebase Admin initialized successfully","service":"assignmint-backend","timestamp":"2025-09-01T16:05:33.985Z"}
{"level":"info","message":"Backend running on port 3000 | env=development | mock=false | datasource=Firestore | project=assignimt","service":"assignmint-backend","timestamp":"2025-09-01T16:05:34.043Z"}
{"level":"info","message":"Initializing data source manager...","service":"assignmint-backend","timestamp":"2025-09-01T16:05:34.043Z"}
{"level":"info","message":"Data source connected successfully: Firestore","service":"assignmint-backend","timestamp":"2025-09-01T16:05:34.419Z"}
{"level":"info","message":"Server initialized successfully","service":"assignmint-backend","timestamp":"2025-09-01T16:05:34.419Z"}
{"level":"info","message":"DataSourceManager: Firestore not ready, using Mock data source as fallback","service":"assignmint-backend","timestamp":"2025-09-01T16:05:53.417Z"}
{"level":"info","message":"Firebase Admin initialized successfully for project: assignimt","service":"assignmint-backend","timestamp":"2025-09-01T16:05:53.452Z"}
{"level":"info","message":"DataSourceManager: Switched to Firestore data source","service":"assignmint-backend","timestamp":"2025-09-01T16:05:53.712Z"}
{"level":"info","message":"Firebase Admin initialized successfully","service":"assignmint-backend","timestamp":"2025-09-01T16:05:53.713Z"}
{"level":"info","message":"Backend running on port 3000 | env=development | mock=false | datasource=Firestore | project=assignimt","service":"assignmint-backend","timestamp":"2025-09-01T16:05:53.715Z"}
{"level":"info","message":"Initializing data source manager...","service":"assignmint-backend","timestamp":"2025-09-01T16:05:53.716Z"}
{"level":"info","message":"Data source connected successfully: Firestore","service":"assignmint-backend","timestamp":"2025-09-01T16:05:54.099Z"}
{"level":"info","message":"Server initialized successfully","service":"assignmint-backend","timestamp":"2025-09-01T16:05:54.099Z"}
{"level":"info","message":"DataSourceManager: Firestore not ready, using Mock data source as fallback","service":"assignmint-backend","timestamp":"2025-09-01T16:35:27.264Z"}
{"level":"info","message":"Firebase Admin initialized successfully for project: assignimt","service":"assignmint-backend","timestamp":"2025-09-01T16:35:27.306Z"}
{"level":"info","message":"DataSourceManager: Switched to Firestore data source","service":"assignmint-backend","timestamp":"2025-09-01T16:35:27.548Z"}
{"level":"info","message":"Firebase Admin initialized successfully","service":"assignmint-backend","timestamp":"2025-09-01T16:35:27.548Z"}
{"level":"info","message":"Backend running on port 3000 | env=development | mock=false | datasource=Firestore | project=assignimt","service":"assignmint-backend","timestamp":"2025-09-01T16:35:27.551Z"}
{"level":"info","message":"Initializing data source manager...","service":"assignmint-backend","timestamp":"2025-09-01T16:35:27.551Z"}
{"level":"info","message":"Data source connected successfully: Firestore","service":"assignmint-backend","timestamp":"2025-09-01T16:35:28.079Z"}
{"level":"info","message":"Server initialized successfully","service":"assignmint-backend","timestamp":"2025-09-01T16:35:28.080Z"}
{"level":"info","message":"DataSourceManager: Firestore not ready, using Mock data source as fallback","service":"assignmint-backend","timestamp":"2025-09-01T16:46:26.099Z"}
{"level":"info","message":"Firebase Admin initialized successfully for project: assignimt","service":"assignmint-backend","timestamp":"2025-09-01T16:46:26.144Z"}
{"level":"info","message":"DataSourceManager: Switched to Firestore data source","service":"assignmint-backend","timestamp":"2025-09-01T16:46:26.368Z"}
{"level":"info","message":"Firebase Admin initialized successfully","service":"assignmint-backend","timestamp":"2025-09-01T16:46:26.369Z"}
{"level":"info","message":"Backend running on port 3000 | env=development | mock=false | datasource=Firestore | project=assignimt","service":"assignmint-backend","timestamp":"2025-09-01T16:46:26.372Z"}
{"level":"info","message":"Initializing data source manager...","service":"assignmint-backend","timestamp":"2025-09-01T16:46:26.372Z"}
{"level":"info","message":"Data source connected successfully: Firestore","service":"assignmint-backend","timestamp":"2025-09-01T16:46:26.848Z"}
{"level":"info","message":"Server initialized successfully","service":"assignmint-backend","timestamp":"2025-09-01T16:46:26.848Z"}
{"level":"info","message":"Firebase Admin initialized successfully for project: assignimt","service":"assignmint-backend","timestamp":"2025-09-01T16:49:42.314Z"}
{"level":"error","message":"Firebase Admin initialization failed: import_DataSourceManager.default.getInstance is not a function","service":"assignmint-backend","stack":"TypeError: import_DataSourceManager.default.getInstance is not a function\n    at DataSourceManager (/Users/hamza/AssignMint/backend/src/index.ts:41:49)\n    at Object.<anonymous> (/Users/hamza/AssignMint/backend/src/index.ts:150:16)\n    at Module._compile (node:internal/modules/cjs/loader:1730:14)\n    at Object.transformer (/Users/hamza/AssignMint/backend/node_modules/tsx/dist/register-D46fvsV_.cjs:3:1104)\n    at Module.load (node:internal/modules/cjs/loader:1465:32)\n    at Function._load (node:internal/modules/cjs/loader:1282:12)\n    at TracingChannel.traceSync (node:diagnostics_channel:322:14)\n    at wrapModuleLoad (node:internal/modules/cjs/loader:235:24)\n    at cjsLoader (node:internal/modules/esm/translators:266:5)\n    at ModuleWrap.<anonymous> (node:internal/modules/esm/translators:200:7)","timestamp":"2025-09-01T16:49:42.544Z"}
{"level":"warn","message":"Switching to mock data mode","service":"assignmint-backend","timestamp":"2025-09-01T16:49:42.544Z"}
{"level":"info","message":"DataSourceManager: Using Mock data source","service":"assignmint-backend","timestamp":"2025-09-01T16:49:42.619Z"}
{"level":"info","message":"Backend running on port 3000 | env=development | mock=true | datasource=Mock | project=assignimt","service":"assignmint-backend","timestamp":"2025-09-01T16:49:42.621Z"}
{"level":"info","message":"Initializing data source manager...","service":"assignmint-backend","timestamp":"2025-09-01T16:49:42.622Z"}
{"level":"error","message":"Error initializing server: import_DataSourceManager.default.getInstance is not a function","service":"assignmint-backend","stack":"TypeError: import_DataSourceManager.default.getInstance is not a function\n    at Server.<anonymous> (/Users/hamza/AssignMint/backend/src/index.ts:134:49)\n    at Object.onceWrapper (node:events:632:28)\n    at Server.emit (node:events:530:35)\n    at emitListeningNT (node:net:1982:10)\n    at process.processTicksAndRejections (node:internal/process/task_queues:89:21)","timestamp":"2025-09-01T16:49:42.622Z"}
{"level":"info","message":"Firebase Admin initialized successfully for project: assignimt","service":"assignmint-backend","timestamp":"2025-09-01T16:50:43.122Z"}
{"level":"info","message":"DataSourceManager: Firestore not ready, using Mock data source as fallback","service":"assignmint-backend","timestamp":"2025-09-01T16:50:43.309Z"}
{"level":"info","message":"DataSourceManager: Switched to Firestore data source","service":"assignmint-backend","timestamp":"2025-09-01T16:50:43.309Z"}
{"level":"info","message":"Firebase Admin initialized successfully","service":"assignmint-backend","timestamp":"2025-09-01T16:50:43.309Z"}
{"level":"info","message":"Backend running on port 3000 | env=development | mock=false | datasource=Firestore | project=assignimt","service":"assignmint-backend","timestamp":"2025-09-01T16:50:43.367Z"}
{"level":"info","message":"Initializing data source manager...","service":"assignmint-backend","timestamp":"2025-09-01T16:50:43.367Z"}
{"level":"info","message":"Data source connected successfully: Firestore","service":"assignmint-backend","timestamp":"2025-09-01T16:50:43.776Z"}
{"level":"info","message":"Server initialized successfully","service":"assignmint-backend","timestamp":"2025-09-01T16:50:43.776Z"}
{"level":"info","message":"DataSourceManager: Firestore not ready, using Mock data source as fallback","service":"assignmint-backend","timestamp":"2025-09-01T19:34:31.747Z"}
{"level":"info","message":"Firebase Admin initialized successfully for project: assignimt","service":"assignmint-backend","timestamp":"2025-09-01T19:34:31.812Z"}
{"level":"error","message":"Firebase Admin initialization failed: import_DataSourceManager.default.getInstance is not a function","service":"assignmint-backend","stack":"TypeError: import_DataSourceManager.default.getInstance is not a function\n    at DataSourceManager (/Users/hamza/AssignMint/backend/src/index.ts:41:49)\n    at Object.<anonymous> (/Users/hamza/AssignMint/backend/src/index.ts:158:16)\n    at Module._compile (node:internal/modules/cjs/loader:1730:14)\n    at Object.transformer (/Users/hamza/AssignMint/backend/node_modules/tsx/dist/register-D46fvsV_.cjs:3:1104)\n    at Module.load (node:internal/modules/cjs/loader:1465:32)\n    at Function._load (node:internal/modules/cjs/loader:1282:12)\n    at TracingChannel.traceSync (node:diagnostics_channel:322:14)\n    at wrapModuleLoad (node:internal/modules/cjs/loader:235:24)\n    at cjsLoader (node:internal/modules/esm/translators:266:5)\n    at ModuleWrap.<anonymous> (node:internal/modules/esm/translators:200:7)","timestamp":"2025-09-01T19:34:32.322Z"}
{"level":"warn","message":"Switching to mock data mode","service":"assignmint-backend","timestamp":"2025-09-01T19:34:32.322Z"}
{"level":"info","message":"Backend running on port 3000 | env=development | mock=true | datasource=Mock | project=assignimt","service":"assignmint-backend","timestamp":"2025-09-01T19:34:32.325Z"}
{"level":"info","message":"Initializing data source manager...","service":"assignmint-backend","timestamp":"2025-09-01T19:34:32.326Z"}
{"level":"error","message":"Error initializing server: import_DataSourceManager.default.getInstance is not a function","service":"assignmint-backend","stack":"TypeError: import_DataSourceManager.default.getInstance is not a function\n    at Server.<anonymous> (/Users/hamza/AssignMint/backend/src/index.ts:142:49)\n    at Object.onceWrapper (node:events:632:28)\n    at Server.emit (node:events:530:35)\n    at emitListeningNT (node:net:1982:10)\n    at process.processTicksAndRejections (node:internal/process/task_queues:89:21)","timestamp":"2025-09-01T19:34:32.326Z"}
{"level":"info","message":"DataSourceManager: Firestore not ready, using Mock data source as fallback","service":"assignmint-backend","timestamp":"2025-09-05T14:13:32.692Z"}
{"level":"info","message":"Firebase Admin initialized successfully for project: assignimt","service":"assignmint-backend","timestamp":"2025-09-05T14:13:32.794Z"}
{"level":"error","message":"Firebase Admin initialization failed: import_DataSourceManager.default.getInstance is not a function","service":"assignmint-backend","stack":"TypeError: import_DataSourceManager.default.getInstance is not a function\n    at DataSourceManager (/Users/hamza/AssignMint/backend/src/index.ts:41:49)\n    at Object.<anonymous> (/Users/hamza/AssignMint/backend/src/index.ts:158:16)\n    at Module._compile (node:internal/modules/cjs/loader:1730:14)\n    at Object.transformer (/Users/hamza/AssignMint/backend/node_modules/tsx/dist/register-D46fvsV_.cjs:3:1104)\n    at Module.load (node:internal/modules/cjs/loader:1465:32)\n    at Function._load (node:internal/modules/cjs/loader:1282:12)\n    at TracingChannel.traceSync (node:diagnostics_channel:322:14)\n    at wrapModuleLoad (node:internal/modules/cjs/loader:235:24)\n    at cjsLoader (node:internal/modules/esm/translators:266:5)\n    at ModuleWrap.<anonymous> (node:internal/modules/esm/translators:200:7)","timestamp":"2025-09-05T14:13:33.071Z"}
{"level":"warn","message":"Switching to mock data mode","service":"assignmint-backend","timestamp":"2025-09-05T14:13:33.071Z"}
{"level":"info","message":"Backend running on port 3000 | env=development | mock=true | datasource=Mock | project=assignimt","service":"assignmint-backend","timestamp":"2025-09-05T14:13:33.074Z"}
{"level":"info","message":"Initializing data source manager...","service":"assignmint-backend","timestamp":"2025-09-05T14:13:33.074Z"}
{"level":"error","message":"Error initializing server: import_DataSourceManager.default.getInstance is not a function","service":"assignmint-backend","stack":"TypeError: import_DataSourceManager.default.getInstance is not a function\n    at Server.<anonymous> (/Users/hamza/AssignMint/backend/src/index.ts:142:49)\n    at Object.onceWrapper (node:events:632:28)\n    at Server.emit (node:events:530:35)\n    at emitListeningNT (node:net:1982:10)\n    at process.processTicksAndRejections (node:internal/process/task_queues:89:21)","timestamp":"2025-09-05T14:13:33.075Z"}
